<?xml version="1.0" encoding="UTF-8"?>
<!-- Generated by org.testng.reporters.JUnitXMLReporter -->
<testsuite ignored="0" hostname="JHMWDX3" failures="0" tests="1" name="Desktop Web@Chrome#TestScript.TestSuite.HomePage.HomePageVerify_TC_1_chrome" time="26.638" errors="0" timestamp="04 Aug 2025 19:59:12 GMT">
  <testcase classname="TestScript.HomePage.TC_HomePageVerify" name="verifyHomePageLaunch" time="21.539"/>
</testsuite> <!-- Desktop Web@Chrome#TestScript.TestSuite.HomePage.HomePageVerify_TC_1_chrome -->
