<?xml version="1.0" encoding="UTF-8"?>
<testng-results ignored="0" total="1" passed="1" failed="0" skipped="0">
  <reporter-output>
  </reporter-output>
  <suite started-at="2025-08-04T19:58:45Z" name="TestSuiteHomePage" finished-at="2025-08-04T19:59:12Z" duration-ms="26638">
    <groups>
    </groups>
    <test started-at="2025-08-04T19:58:45Z" name="Desktop Web@Chrome#TestScript.TestSuite.HomePage.HomePageVerify_TC_1_chrome" finished-at="2025-08-04T19:59:12Z" duration-ms="26638">
      <class name="TestScript.HomePage.TC_HomePageVerify">
        <test-method is-config="true" signature="beforeSuite(org.testng.ITestContext)[pri:0, instance:TestScript.HomePage.TC_HomePageVerify@41de5768]" started-at="2025-08-05T01:28:45Z" name="beforeSuite" finished-at="2025-08-05T01:28:45Z" duration-ms="7" status="PASS">
          <params>
            <param index="0">
              <value>
                <![CDATA[org.testng.TestRunner@405325cf]]>
              </value>
            </param>
          </params>
          <reporter-output>
          </reporter-output>
        </test-method> <!-- beforeSuite -->
        <test-method is-config="true" signature="setDriver(java.lang.String, java.lang.String, java.lang.String, java.lang.String, java.lang.String, java.lang.String, java.lang.String, org.testng.ITestContext)[pri:0, instance:TestScript.HomePage.TC_HomePageVerify@41de5768]" started-at="2025-08-05T01:28:45Z" name="setDriver" finished-at="2025-08-05T01:28:49Z" duration-ms="3644" status="PASS">
          <params>
            <param index="0">
              <value>
                <![CDATA[chrome]]>
              </value>
            </param>
            <param index="1">
              <value>
                <![CDATA[]]>
              </value>
            </param>
            <param index="2">
              <value>
                <![CDATA[]]>
              </value>
            </param>
            <param index="3">
              <value>
                <![CDATA[]]>
              </value>
            </param>
            <param index="4">
              <value>
                <![CDATA[]]>
              </value>
            </param>
            <param index="5">
              <value>
                <![CDATA[]]>
              </value>
            </param>
            <param index="6">
              <value>
                <![CDATA[]]>
              </value>
            </param>
            <param index="7">
              <value>
                <![CDATA[org.testng.TestRunner@405325cf]]>
              </value>
            </param>
          </params>
          <reporter-output>
          </reporter-output>
        </test-method> <!-- setDriver -->
        <test-method signature="verifyHomePageLaunch()[pri:0, instance:TestScript.HomePage.TC_HomePageVerify@41de5768]" started-at="2025-08-05T01:28:49Z" name="verifyHomePageLaunch" finished-at="2025-08-05T01:29:10Z" duration-ms="21539" status="PASS">
          <reporter-output>
          </reporter-output>
        </test-method> <!-- verifyHomePageLaunch -->
        <test-method is-config="true" signature="quitDriver(org.testng.ITestContext)[pri:0, instance:TestScript.HomePage.TC_HomePageVerify@41de5768]" started-at="2025-08-05T01:29:10Z" name="quitDriver" finished-at="2025-08-05T01:29:12Z" duration-ms="1447" status="PASS">
          <params>
            <param index="0">
              <value>
                <![CDATA[org.testng.TestRunner@405325cf]]>
              </value>
            </param>
          </params>
          <reporter-output>
          </reporter-output>
        </test-method> <!-- quitDriver -->
        <test-method is-config="true" signature="afterSuite(org.testng.ITestContext)[pri:0, instance:TestScript.HomePage.TC_HomePageVerify@41de5768]" started-at="2025-08-05T01:29:12Z" name="afterSuite" finished-at="2025-08-05T01:29:12Z" duration-ms="1" status="PASS">
          <params>
            <param index="0">
              <value>
                <![CDATA[org.testng.TestRunner@405325cf]]>
              </value>
            </param>
          </params>
          <reporter-output>
          </reporter-output>
        </test-method> <!-- afterSuite -->
      </class> <!-- TestScript.HomePage.TC_HomePageVerify -->
    </test> <!-- Desktop Web@Chrome#TestScript.TestSuite.HomePage.HomePageVerify_TC_1_chrome -->
  </suite> <!-- TestSuiteHomePage -->
</testng-results>
